/Users/ujjwalkalra14/Library/Python/3.9/lib/python/site-packages/google/auth/__init__.py:54: FutureWarning: You are using a Python version 3.9 past its end of life. Google will update google-auth with critical bug fixes on a best-effort basis, but not with any other fixes or features. Please upgrade your Python version, and then update google-auth.
  warnings.warn(eol_message.format("3.9"), FutureWarning)
/Users/ujjwalkalra14/Library/Python/3.9/lib/python/site-packages/google/oauth2/__init__.py:40: FutureWarning: You are using a Python version 3.9 past its end of life. Google will update google-auth with critical bug fixes on a best-effort basis, but not with any other fixes or features. Please upgrade your Python version, and then update google-auth.
  warnings.warn(eol_message.format("3.9"), FutureWarning)
/Users/ujjwalkalra14/Library/Python/3.9/lib/python/site-packages/urllib3/__init__.py:35: NotOpenSSLWarning: urllib3 v2 only supports OpenSSL 1.1.1+, currently the 'ssl' module is compiled with 'LibreSSL 2.8.3'. See: https://github.com/urllib3/urllib3/issues/3020
  warnings.warn(
2026-04-20 04:24:58,164 | INFO    | modules.student_tracker | Database initialized
2026-04-20 04:24:59,564 | INFO    | mentor_system        | Logged in as: Eyeconic (@EyeconicShraddha), ID: 8322365301
2026-04-20 04:24:59,571 | INFO    | modules.scheduler    | All scheduled jobs registered
2026-04-20 04:24:59,731 | INFO    | mentor_system        | Mentor System is live and running
cheduled jobs registered
2026-04-20 04:24:59,731 | INFO    | mentor_system        | Mentor System is live and running
/Users/ujjwalkalra14/Library/Python/3.9/lib/python/site-packages/google/auth/__init__.py:54: FutureWarning: You are using a Python version 3.9 past its end of life. Google will update google-auth with critical bug fixes on a best-effort basis, but not with any other fixes or features. Please upgrade your Python version, and then update google-auth.
  warnings.warn(eol_message.format("3.9"), FutureWarning)
/Users/ujjwalkalra14/Library/Python/3.9/lib/python/site-packages/google/oauth2/__init__.py:40: FutureWarning: You are using a Python version 3.9 past its end of life. Google will update google-auth with critical bug fixes on a best-effort basis, but not with any other fixes or features. Please upgrade your Python version, and then update google-auth.
  warnings.warn(eol_message.format("3.9"), FutureWarning)
/Users/ujjwalkalra14/Library/Python/3.9/lib/python/site-packages/urllib3/__init__.py:35: NotOpenSSLWarning: urllib3 v2 only supports OpenSSL 1.1.1+, currently the 'ssl' module is compiled with 'LibreSSL 2.8.3'. See: https://github.com/urllib3/urllib3/issues/3020
  warnings.warn(
2026-04-20 04:30:04,317 | INFO    | modules.student_tracker | Database initialized
2026-04-20 04:30:04,317 | INFO    | modules.student_tracker | Database initialized
2026-04-20 04:30:06,844 | INFO    | mentor_system        | Logged in as: Eyeconic (@EyeconicShraddha), ID: 8322365301
2026-04-20 04:30:06,844 | INFO    | mentor_system        | Logged in as: Eyeconic (@EyeconicShraddha), ID: 8322365301
2026-04-20 04:30:06,854 | INFO    | modules.scheduler    | All scheduled jobs registered
2026-04-20 04:30:06,854 | INFO    | modules.scheduler    | All scheduled jobs registered
2026-04-20 04:30:07,280 | INFO    | mentor_system        | Mentor System is live and running
2026-04-20 04:30:07,280 | INFO    | mentor_system        | Mentor System is live and running
2026-04-20 04:33:39,308 | INFO    | mentor_system        | Saved Messages command received: Status
2026-04-20 04:33:39,308 | INFO    | mentor_system        | Saved Messages command received: Status
2026-04-20 04:34:10,380 | INFO    | mentor_system        | Saved Messages command received: Status
2026-04-20 04:34:10,380 | INFO    | mentor_system        | Saved Messages command received: Status
2026-04-20 04:34:14,408 | WARNING | apscheduler.executors.default | Run time of job "Reply Dispatcher (trigger: interval[0:00:30], next run at: 2026-04-20 04:34:36 IST)" was missed by 0:00:07.554449
2026-04-20 04:34:14,408 | WARNING | apscheduler.executors.default | Run time of job "Reply Dispatcher (trigger: interval[0:00:30], next run at: 2026-04-20 04:34:36 IST)" was missed by 0:00:07.554449
2026-04-20 04:38:36,580 | INFO    | mentor_system        | Saved Messages command received: Status
2026-04-20 04:38:36,580 | INFO    | mentor_system        | Saved Messages command received: Status
2026-04-20 04:43:02,129 | WARNING | apscheduler.executors.default | Run time of job "Reply Dispatcher (trigger: interval[0:00:30], next run at: 2026-04-20 04:43:06 IST)" was missed by 0:00:25.274905
2026-04-20 04:43:02,129 | WARNING | apscheduler.executors.default | Run time of job "Reply Dispatcher (trigger: interval[0:00:30], next run at: 2026-04-20 04:43:06 IST)" was missed by 0:00:25.274905
2026-04-20 04:44:12,601 | WARNING | apscheduler.executors.default | Run time of job "Reply Dispatcher (trigger: interval[0:00:30], next run at: 2026-04-20 04:44:36 IST)" was missed by 0:00:05.747110
2026-04-20 04:44:12,601 | WARNING | apscheduler.executors.default | Run time of job "Reply Dispatcher (trigger: interval[0:00:30], next run at: 2026-04-20 04:44:36 IST)" was missed by 0:00:05.747110
2026-04-20 04:44:35,410 | INFO    | mentor_system        | Saved Messages command received: Status
2026-04-20 04:44:35,410 | INFO    | mentor_system        | Saved Messages command received: Status
2026-04-20 04:44:35,414 | INFO    | mentor_system        | Saved Messages command received: Status
2026-04-20 04:44:35,414 | INFO    | mentor_system        | Saved Messages command received: Status
2026-04-20 04:51:32,179 | INFO    | mentor_system        | Saved Messages command received: Status
2026-04-20 04:51:32,179 | INFO    | mentor_system        | Saved Messages command received: Status
2026-04-20 04:52:03,898 | INFO    | mentor_system        | Saved Messages command received: Status
2026-04-20 04:52:03,898 | INFO    | mentor_system        | Saved Messages command received: Status
/Users/ujjwalkalra14/Library/Python/3.9/lib/python/site-packages/google/auth/__init__.py:54: FutureWarning: You are using a Python version 3.9 past its end of life. Google will update google-auth with critical bug fixes on a best-effort basis, but not with any other fixes or features. Please upgrade your Python version, and then update google-auth.
  warnings.warn(eol_message.format("3.9"), FutureWarning)
/Users/ujjwalkalra14/Library/Python/3.9/lib/python/site-packages/google/oauth2/__init__.py:40: FutureWarning: You are using a Python version 3.9 past its end of life. Google will update google-auth with critical bug fixes on a best-effort basis, but not with any other fixes or features. Please upgrade your Python version, and then update google-auth.
  warnings.warn(eol_message.format("3.9"), FutureWarning)
/Users/ujjwalkalra14/Library/Python/3.9/lib/python/site-packages/urllib3/__init__.py:35: NotOpenSSLWarning: urllib3 v2 only supports OpenSSL 1.1.1+, currently the 'ssl' module is compiled with 'LibreSSL 2.8.3'. See: https://github.com/urllib3/urllib3/issues/3020
  warnings.warn(
2026-04-20 05:03:33,923 | INFO    | modules.student_tracker | Database initialized
2026-04-20 05:03:33,923 | INFO    | modules.student_tracker | Database initialized
2026-04-20 05:03:34,701 | INFO    | mentor_system        | Logged in as: Eyeconic (@EyeconicShraddha), ID: 8322365301
2026-04-20 05:03:34,701 | INFO    | mentor_system        | Logged in as: Eyeconic (@EyeconicShraddha), ID: 8322365301
2026-04-20 05:03:34,713 | INFO    | modules.scheduler    | All scheduled jobs registered
2026-04-20 05:03:34,713 | INFO    | modules.scheduler    | All scheduled jobs registered
2026-04-20 05:03:34,715 | INFO    | modules.scheduler    | Running startup catch-up check...
2026-04-20 05:03:34,715 | INFO    | modules.scheduler    | Running startup catch-up check...
2026-04-20 05:03:34,823 | INFO    | mentor_system        | Mentor System is live and running
2026-04-20 05:03:34,823 | INFO    | mentor_system        | Mentor System is live and running
2026-04-20 05:04:20,491 | INFO    | mentor_system        | Saved Messages command received: Status
2026-04-20 05:04:20,491 | INFO    | mentor_system        | Saved Messages command received: Status
/Users/ujjwalkalra14/Library/Python/3.9/lib/python/site-packages/google/auth/__init__.py:54: FutureWarning: You are using a Python version 3.9 past its end of life. Google will update google-auth with critical bug fixes on a best-effort basis, but not with any other fixes or features. Please upgrade your Python version, and then update google-auth.
  warnings.warn(eol_message.format("3.9"), FutureWarning)
/Users/ujjwalkalra14/Library/Python/3.9/lib/python/site-packages/google/oauth2/__init__.py:40: FutureWarning: You are using a Python version 3.9 past its end of life. Google will update google-auth with critical bug fixes on a best-effort basis, but not with any other fixes or features. Please upgrade your Python version, and then update google-auth.
  warnings.warn(eol_message.format("3.9"), FutureWarning)
/Users/ujjwalkalra14/Library/Python/3.9/lib/python/site-packages/urllib3/__init__.py:35: NotOpenSSLWarning: urllib3 v2 only supports OpenSSL 1.1.1+, currently the 'ssl' module is compiled with 'LibreSSL 2.8.3'. See: https://github.com/urllib3/urllib3/issues/3020
  warnings.warn(
2026-04-20 05:05:27,096 | INFO    | modules.student_tracker | Database initialized
2026-04-20 05:05:27,096 | INFO    | modules.student_tracker | Database initialized
2026-04-20 05:05:27,783 | INFO    | mentor_system        | Logged in as: Eyeconic (@EyeconicShraddha), ID: 8322365301
2026-04-20 05:05:27,783 | INFO    | mentor_system        | Logged in as: Eyeconic (@EyeconicShraddha), ID: 8322365301
2026-04-20 05:05:27,794 | INFO    | modules.scheduler    | All scheduled jobs registered
2026-04-20 05:05:27,794 | INFO    | modules.scheduler    | All scheduled jobs registered
2026-04-20 05:05:27,796 | INFO    | modules.scheduler    | Running startup catch-up check...
2026-04-20 05:05:27,796 | INFO    | modules.scheduler    | Running startup catch-up check...
2026-04-20 05:05:27,891 | INFO    | mentor_system        | Mentor System is live and running
2026-04-20 05:05:27,891 | INFO    | mentor_system        | Mentor System is live and running
2026-04-20 05:05:47,739 | INFO    | mentor_system        | Saved Messages command received: Status
2026-04-20 05:05:47,739 | INFO    | mentor_system        | Saved Messages command received: Status
/Users/ujjwalkalra14/Library/Python/3.9/lib/python/site-packages/google/auth/__init__.py:54: FutureWarning: You are using a Python version 3.9 past its end of life. Google will update google-auth with critical bug fixes on a best-effort basis, but not with any other fixes or features. Please upgrade your Python version, and then update google-auth.
  warnings.warn(eol_message.format("3.9"), FutureWarning)
/Users/ujjwalkalra14/Library/Python/3.9/lib/python/site-packages/google/oauth2/__init__.py:40: FutureWarning: You are using a Python version 3.9 past its end of life. Google will update google-auth with critical bug fixes on a best-effort basis, but not with any other fixes or features. Please upgrade your Python version, and then update google-auth.
  warnings.warn(eol_message.format("3.9"), FutureWarning)
/Users/ujjwalkalra14/Library/Python/3.9/lib/python/site-packages/urllib3/__init__.py:35: NotOpenSSLWarning: urllib3 v2 only supports OpenSSL 1.1.1+, currently the 'ssl' module is compiled with 'LibreSSL 2.8.3'. See: https://github.com/urllib3/urllib3/issues/3020
  warnings.warn(
2026-04-20 05:13:36,791 | INFO    | modules.student_tracker | Database initialized
2026-04-20 05:13:36,791 | INFO    | modules.student_tracker | Database initialized
2026-04-20 05:13:39,188 | INFO    | mentor_system        | Logged in as: Eyeconic (@EyeconicShraddha), ID: 8322365301
2026-04-20 05:13:39,188 | INFO    | mentor_system        | Logged in as: Eyeconic (@EyeconicShraddha), ID: 8322365301
2026-04-20 05:13:39,199 | INFO    | modules.scheduler    | All scheduled jobs registered
2026-04-20 05:13:39,199 | INFO    | modules.scheduler    | All scheduled jobs registered
2026-04-20 05:13:39,201 | INFO    | modules.scheduler    | Running startup catch-up check...
2026-04-20 05:13:39,201 | INFO    | modules.scheduler    | Running startup catch-up check...
2026-04-20 05:13:39,488 | INFO    | mentor_system        | Mentor System is live and running
2026-04-20 05:13:39,488 | INFO    | mentor_system        | Mentor System is live and running
